# JRE version: Java(TM) SE Runtime Environment (8.0_251-b08) (build 1.8.0_251-b08)
# Java VM: Java HotSpot(TM) 64-Bit Server VM (25.251-b08 mixed mode windows-amd64 compressed oops)
Heap:
 PSYoungGen      total 34304K, used 29140K [0x00000000eba00000, 0x00000000ede00000, 0x0000000100000000)
  eden space 31744K, 83% used [0x00000000eba00000,0x00000000ed3fd2a0,0x00000000ed900000)
  from space 2560K, 98% used [0x00000000edb80000,0x00000000eddf8020,0x00000000ede00000)
  to   space 2560K, 0% used [0x00000000ed900000,0x00000000ed900000,0x00000000edb80000)
 ParOldGen       total 42496K, used 5558K [0x00000000c2e00000, 0x00000000c5780000, 0x00000000eba00000)
  object space 42496K, 13% used [0x00000000c2e00000,0x00000000c336dac8,0x00000000c5780000)
 Metaspace       used 15354K, capacity 15636K, committed 15872K, reserved 1062912K
  class space    used 1872K, capacity 1980K, committed 2048K, reserved 1048576K
GC Heap History (8 events):
Event: 3.098 GC heap before
{Heap before GC invocations=1 (full 0):
 PSYoungGen      total 18432K, used 15872K [0x00000000eba00000, 0x00000000ece80000, 0x0000000100000000)
  eden space 15872K, 100% used [0x00000000eba00000,0x00000000ec980000,0x00000000ec980000)
  from space 2560K, 0% used [0x00000000ecc00000,0x00000000ecc00000,0x00000000ece80000)
  to   space 2560K, 0% used [0x00000000ec980000,0x00000000ec980000,0x00000000ecc00000)
 ParOldGen       total 42496K, used 0K [0x00000000c2e00000, 0x00000000c5780000, 0x00000000eba00000)
  object space 42496K, 0% used [0x00000000c2e00000,0x00000000c2e00000,0x00000000c5780000)
 Metaspace       used 7367K, capacity 7616K, committed 7936K, reserved 1056768K
  class space    used 814K, capacity 900K, committed 1024K, reserved 1048576K
Event: 3.122 GC heap after
Heap after GC invocations=1 (full 0):
 PSYoungGen      total 18432K, used 2545K [0x00000000eba00000, 0x00000000ece80000, 0x0000000100000000)
  eden space 15872K, 0% used [0x00000000eba00000,0x00000000eba00000,0x00000000ec980000)
  from space 2560K, 99% used [0x00000000ec980000,0x00000000ecbfc670,0x00000000ecc00000)
  to   space 2560K, 0% used [0x00000000ecc00000,0x00000000ecc00000,0x00000000ece80000)
 ParOldGen       total 42496K, used 923K [0x00000000c2e00000, 0x00000000c5780000, 0x00000000eba00000)
  object space 42496K, 2% used [0x00000000c2e00000,0x00000000c2ee6d90,0x00000000c5780000)
 Metaspace       used 7367K, capacity 7616K, committed 7936K, reserved 1056768K
  class space    used 814K, capacity 900K, committed 1024K, reserved 1048576K
}
Event: 4.061 GC heap before
{Heap before GC invocations=2 (full 0):
 PSYoungGen      total 18432K, used 18417K [0x00000000eba00000, 0x00000000ece80000, 0x0000000100000000)
  eden space 15872K, 100% used [0x00000000eba00000,0x00000000ec980000,0x00000000ec980000)
  from space 2560K, 99% used [0x00000000ec980000,0x00000000ecbfc670,0x00000000ecc00000)
  to   space 2560K, 0% used [0x00000000ecc00000,0x00000000ecc00000,0x00000000ece80000)
 ParOldGen       total 42496K, used 923K [0x00000000c2e00000, 0x00000000c5780000, 0x00000000eba00000)
  object space 42496K, 2% used [0x00000000c2e00000,0x00000000c2ee6d90,0x00000000c5780000)
 Metaspace       used 8902K, capacity 9152K, committed 9472K, reserved 1056768K
  class space    used 1064K, capacity 1156K, committed 1280K, reserved 1048576K
Event: 4.068 GC heap after
Heap after GC invocations=2 (full 0):
 PSYoungGen      total 18432K, used 2546K [0x00000000eba00000, 0x00000000ece80000, 0x0000000100000000)
  eden space 15872K, 0% used [0x00000000eba00000,0x00000000eba00000,0x00000000ec980000)
  from space 2560K, 99% used [0x00000000ecc00000,0x00000000ece7cbf0,0x00000000ece80000)
  to   space 2560K, 0% used [0x00000000ec980000,0x00000000ec980000,0x00000000ecc00000)
 ParOldGen       total 42496K, used 1685K [0x00000000c2e00000, 0x00000000c5780000, 0x00000000eba00000)
  object space 42496K, 3% used [0x00000000c2e00000,0x00000000c2fa5708,0x00000000c5780000)
 Metaspace       used 8902K, capacity 9152K, committed 9472K, reserved 1056768K
  class space    used 1064K, capacity 1156K, committed 1280K, reserved 1048576K
}
Event: 4.954 GC heap before
{Heap before GC invocations=3 (full 0):
 PSYoungGen      total 18432K, used 18418K [0x00000000eba00000, 0x00000000ece80000, 0x0000000100000000)
  eden space 15872K, 100% used [0x00000000eba00000,0x00000000ec980000,0x00000000ec980000)
  from space 2560K, 99% used [0x00000000ecc00000,0x00000000ece7cbf0,0x00000000ece80000)
  to   space 2560K, 0% used [0x00000000ec980000,0x00000000ec980000,0x00000000ecc00000)
 ParOldGen       total 42496K, used 1685K [0x00000000c2e00000, 0x00000000c5780000, 0x00000000eba00000)
  object space 42496K, 3% used [0x00000000c2e00000,0x00000000c2fa5708,0x00000000c5780000)
 Metaspace       used 10230K, capacity 10450K, committed 10624K, reserved 1058816K
  class space    used 1220K, capacity 1287K, committed 1408K, reserved 1048576K
Event: 4.976 GC heap after
Heap after GC invocations=3 (full 0):
 PSYoungGen      total 18432K, used 2544K [0x00000000eba00000, 0x00000000ede00000, 0x0000000100000000)
  eden space 15872K, 0% used [0x00000000eba00000,0x00000000eba00000,0x00000000ec980000)
  from space 2560K, 99% used [0x00000000ec980000,0x00000000ecbfc010,0x00000000ecc00000)
  to   space 2560K, 0% used [0x00000000edb80000,0x00000000edb80000,0x00000000ede00000)
 ParOldGen       total 42496K, used 3386K [0x00000000c2e00000, 0x00000000c5780000, 0x00000000eba00000)
  object space 42496K, 7% used [0x00000000c2e00000,0x00000000c314ea30,0x00000000c5780000)
 Metaspace       used 10230K, capacity 10450K, committed 10624K, reserved 1058816K
  class space    used 1220K, capacity 1287K, committed 1408K, reserved 1048576K
}
Event: 5.850 GC heap before
{Heap before GC invocations=4 (full 0):
 PSYoungGen      total 18432K, used 18416K [0x00000000eba00000, 0x00000000ede00000, 0x0000000100000000)
  eden space 15872K, 100% used [0x00000000eba00000,0x00000000ec980000,0x00000000ec980000)
  from space 2560K, 99% used [0x00000000ec980000,0x00000000ecbfc010,0x00000000ecc00000)
  to   space 2560K, 0% used [0x00000000edb80000,0x00000000edb80000,0x00000000ede00000)
 ParOldGen       total 42496K, used 3386K [0x00000000c2e00000, 0x00000000c5780000, 0x00000000eba00000)
  object space 42496K, 7% used [0x00000000c2e00000,0x00000000c314ea30,0x00000000c5780000)
 Metaspace       used 12082K, capacity 12364K, committed 12672K, reserved 1060864K
  class space    used 1463K, capacity 1584K, committed 1664K, reserved 1048576K
Event: 5.885 GC heap after
Heap after GC invocations=4 (full 0):
 PSYoungGen      total 34304K, used 2528K [0x00000000eba00000, 0x00000000ede00000, 0x0000000100000000)
  eden space 31744K, 0% used [0x00000000eba00000,0x00000000eba00000,0x00000000ed900000)
  from space 2560K, 98% used [0x00000000edb80000,0x00000000eddf8020,0x00000000ede00000)
  to   space 2560K, 0% used [0x00000000ed900000,0x00000000ed900000,0x00000000edb80000)
 ParOldGen       total 42496K, used 5558K [0x00000000c2e00000, 0x00000000c5780000, 0x00000000eba00000)
  object space 42496K, 13% used [0x00000000c2e00000,0x00000000c336dac8,0x00000000c5780000)
 Metaspace       used 12082K, capacity 12364K, committed 12672K, reserved 1060864K
  class space    used 1463K, capacity 1584K, committed 1664K, reserved 1048576K
}

